[debug] > Exec(early(addDefaultCommands), None, None)
[debug] > Exec(addDefaultCommands, None, None)
[debug] > Exec(early(initialize), None, None)
[debug] > Exec(initialize, None, None)
[debug] > Exec(boot, None, None)
[debug] > Exec(writeSbtVersion, None, None)
[debug] > Exec(reload, None, None)
[debug] > Exec(sbtStashOnFailure, None, None)
[debug] > Exec(onFailure loadFailed, None, None)
[debug] > Exec(loadp, None, None)
[info] welcome to sbt 1.7.3 (Eclipse Adoptium Java 11.0.25)
[debug] Load.defaultLoad until apply took 147.7493ms
[debug]           Load.loadUnit: plugins took 113.9761ms
[debug]           Load.loadUnit: defsScala took 0.3335ms
[debug] [Loading] Scanning directory D:\sparkProjects\AirportLakehouse\lakehouse\project
[debug] [Loading] Found non-root projects 
[debug] [Loading] Done in D:\sparkProjects\AirportLakehouse\lakehouse\project, returning: ()
[debug] deducing auto plugins based on known facts Set(Atom(sbt.plugins.CorePlugin)) and clauses Clauses(Clause(Atom(sbt.plugins.JvmPlugin),Set(Atom(sbt.plugins.IvyPlugin)))
[debug] Clause(Atom(sbt.ScriptedPlugin),Set(Atom(sbt.plugins.JvmPlugin)))
[debug] Clause(Atom(sbt.plugins.SbtPlugin),Set(Atom(sbt.ScriptedPlugin)))
[debug] Clause(Atom(sbt.plugins.SemanticdbPlugin),Set(Atom(sbt.plugins.JvmPlugin)))
[debug] Clause(Atom(sbt.plugins.JUnitXmlReportPlugin),Set(Atom(sbt.plugins.JvmPlugin)))
[debug] Clause(Atom(sbt.plugins.MiniDependencyTreePlugin),Set(Atom(sbt.plugins.JvmPlugin)))
[debug] Clause(Atom(sbt.plugins.CorePlugin),Set(Atom(sbt.plugins.IvyPlugin)))
[debug] Clause(Atom(sbt.plugins.IvyPlugin),Set(Atom(sbt.plugins.JvmPlugin)))
[debug] Clause(Atom(sbt.plugins.JvmPlugin),Set(Atom(sbt.plugins.SemanticdbPlugin)))
[debug] Clause(Atom(sbt.plugins.JvmPlugin),Set(Atom(sbt.plugins.JUnitXmlReportPlugin)))
[debug] Clause(Atom(sbt.plugins.CorePlugin),Set(Atom(sbt.plugins.Giter8TemplatePlugin)))
[debug] Clause(Atom(sbt.plugins.JvmPlugin),Set(Atom(sbt.plugins.MiniDependencyTreePlugin))))
[debug]   :: deduced result: Matched(sbt.plugins.CorePlugin,sbt.plugins.Giter8TemplatePlugin,sbt.plugins.IvyPlugin,sbt.plugins.JvmPlugin,sbt.plugins.MiniDependencyTreePlugin,sbt.plugins.JUnitXmlReportPlugin,sbt.plugins.SemanticdbPlugin)
[debug] Plugins.deducer#function took 19.1739 ms
[debug]               Load.resolveProject(lakehouse-build) took 48.4262ms
[debug]             Load.loadTransitive: finalizeProject(Project(id lakehouse-build, base: D:\sparkProjects\AirportLakehouse\lakehouse\project, plugins: List(<none>))) took 90.767ms
[debug] [Loading] Done in D:\sparkProjects\AirportLakehouse\lakehouse\project, returning: (lakehouse-build)
[debug]           Load.loadUnit: loadedProjectsRaw took 134.5321ms
[debug]           Load.loadUnit: cleanEvalClasses took 0.1534ms
[debug]         Load.loadUnit(file:/D:/sparkProjects/AirportLakehouse/lakehouse/project/, ...) took 253.9807ms
[debug]       Load.apply: load took 431.4234ms
[debug]       Load.apply: resolveProjects took 4.2948ms
[debug]       Load.apply: finalTransforms took 66.2038ms
[debug]       Load.apply: config.delegates took 6.7652ms
[debug]       Load.apply: Def.make(settings)... took 438.9643ms
[debug]       Load.apply: structureIndex took 102.3137ms
[debug]       Load.apply: mkStreams took 2.97ms
[info] loading project definition from D:\sparkProjects\AirportLakehouse\lakehouse\project
[debug] Running task... Cancel: Signal, check cycles: false, forcegc: true
[debug]     Load.loadUnit: plugins took 1912.6815ms
[debug]     Load.loadUnit: defsScala took 0.004ms
[debug] [Loading] Scanning directory D:\sparkProjects\AirportLakehouse\lakehouse
[debug]       Load.loadUnit: mkEval took 7.625ms
[debug] [Loading] Found root project root w/ remaining 
[debug] deducing auto plugins based on known facts Set(Atom(sbt.plugins.CorePlugin)) and clauses Clauses(Clause(Atom(sbt.plugins.JvmPlugin),Set(Atom(sbt.plugins.IvyPlugin)))
[debug] Clause(Atom(sbt.ScriptedPlugin),Set(Atom(sbt.plugins.JvmPlugin)))
[debug] Clause(Atom(sbt.plugins.SbtPlugin),Set(Atom(sbt.ScriptedPlugin)))
[debug] Clause(Atom(sbt.plugins.SemanticdbPlugin),Set(Atom(sbt.plugins.JvmPlugin)))
[debug] Clause(Atom(sbt.plugins.JUnitXmlReportPlugin),Set(Atom(sbt.plugins.JvmPlugin)))
[debug] Clause(Atom(sbt.plugins.MiniDependencyTreePlugin),Set(Atom(sbt.plugins.JvmPlugin)))
[debug] Clause(Atom(sbt.plugins.CorePlugin),Set(Atom(sbt.plugins.IvyPlugin)))
[debug] Clause(Atom(sbt.plugins.IvyPlugin),Set(Atom(sbt.plugins.JvmPlugin)))
[debug] Clause(Atom(sbt.plugins.JvmPlugin),Set(Atom(sbt.plugins.SemanticdbPlugin)))
[debug] Clause(Atom(sbt.plugins.JvmPlugin),Set(Atom(sbt.plugins.JUnitXmlReportPlugin)))
[debug] Clause(Atom(sbt.plugins.CorePlugin),Set(Atom(sbt.plugins.Giter8TemplatePlugin)))
[debug] Clause(Atom(sbt.plugins.JvmPlugin),Set(Atom(sbt.plugins.MiniDependencyTreePlugin))))
[debug]   :: deduced result: Matched(sbt.plugins.CorePlugin,sbt.plugins.Giter8TemplatePlugin,sbt.plugins.IvyPlugin,sbt.plugins.JvmPlugin,sbt.plugins.MiniDependencyTreePlugin,sbt.plugins.JUnitXmlReportPlugin,sbt.plugins.SemanticdbPlugin)
[debug] Plugins.deducer#function took 2.0299 ms
[info] loading settings for project root from build.sbt ...
[debug]         Load.resolveProject(root) took 1.8678ms
[debug]       Load.loadTransitive: finalizeProject(Project(id root, base: D:\sparkProjects\AirportLakehouse\lakehouse, plugins: List(<none>))) took 4.9861ms
[debug] [Loading] Done in D:\sparkProjects\AirportLakehouse\lakehouse, returning: (root)
[debug]     Load.loadUnit: loadedProjectsRaw took 1800.2015ms
[debug]     Load.loadUnit: cleanEvalClasses took 6.1611ms
[debug]   Load.loadUnit(file:/D:/sparkProjects/AirportLakehouse/lakehouse/, ...) took 3720.9858ms
[debug] Load.apply: load took 3748.9907ms
[debug] Load.apply: resolveProjects took 0.0858ms
[debug] Load.apply: finalTransforms took 7.3152ms
[debug] Load.apply: config.delegates took 0.342ms
[debug] Load.apply: Def.make(settings)... took 78.844ms
[debug] Load.apply: structureIndex took 17.1877ms
[debug] Load.apply: mkStreams took 0.0024ms
[info] set current project to lakehouse (in build file:/D:/sparkProjects/AirportLakehouse/lakehouse/)
[debug] > Exec(sbtPopOnFailure, None, None)
[debug] > Exec(resumeFromFailure, None, None)
[debug] > Exec(notifyUsersAboutShell, None, None)
[debug] > Exec(iflast shell, None, None)
[debug] > Exec(shell, None, None)
[info] sbt server started at local:sbt-server-e8ce7176863b5a8e7695
[debug] Writing bsp connection file
[info] started sbt server
