[debug] > Exec(early(addDefaultCommands), None, None)
[debug] > Exec(addDefaultCommands, None, None)
[debug] > Exec(early(initialize), None, None)
[debug] > Exec(initialize, None, None)
[debug] > Exec(early(addPluginSbtFile="""C:\Users\LENOVO\AppData\Local\Temp\idea.sbt"""), None, None)
[debug] > Exec(addPluginSbtFile="""C:\Users\LENOVO\AppData\Local\Temp\idea.sbt""", None, None)
[debug] > Exec(boot, None, None)
[debug] > Exec(writeSbtVersion, None, None)
[debug] > Exec(reload, None, None)
[debug] > Exec(sbtStashOnFailure, None, None)
[debug] > Exec(onFailure loadFailed, None, None)
[debug] > Exec(loadp, None, None)
[info] welcome to sbt 1.7.3 (Eclipse Adoptium Java 17.0.13)
[debug] Load.defaultLoad until apply took 143.097ms
[debug]           Load.loadUnit: plugins took 172.5266ms
[debug]           Load.loadUnit: defsScala took 1.6888ms
[debug] [Loading] Scanning directory D:\sparkProjects\AirportLakehouse\lakehouse\project
[debug]             Load.loadUnit: mkEval took 15.5862ms
[debug] [Loading] Found non-root projects 
[debug] [Loading] Done in D:\sparkProjects\AirportLakehouse\lakehouse\project, returning: ()
[debug] deducing auto plugins based on known facts Set(Atom(sbt.plugins.CorePlugin)) and clauses Clauses(Clause(Atom(sbt.plugins.JvmPlugin),Set(Atom(sbt.plugins.IvyPlugin)))
[debug] Clause(Atom(sbt.ScriptedPlugin),Set(Atom(sbt.plugins.JvmPlugin)))
[debug] Clause(Atom(sbt.plugins.SbtPlugin),Set(Atom(sbt.ScriptedPlugin)))
[debug] Clause(Atom(sbt.plugins.SemanticdbPlugin),Set(Atom(sbt.plugins.JvmPlugin)))
[debug] Clause(Atom(sbt.plugins.JUnitXmlReportPlugin),Set(Atom(sbt.plugins.JvmPlugin)))
[debug] Clause(Atom(sbt.plugins.MiniDependencyTreePlugin),Set(Atom(sbt.plugins.JvmPlugin)))
[debug] Clause(Atom(sbt.plugins.CorePlugin),Set(Atom(sbt.plugins.IvyPlugin)))
[debug] Clause(Atom(sbt.plugins.IvyPlugin),Set(Atom(sbt.plugins.JvmPlugin)))
[debug] Clause(Atom(sbt.plugins.JvmPlugin),Set(Atom(sbt.plugins.SemanticdbPlugin)))
[debug] Clause(Atom(sbt.plugins.JvmPlugin),Set(Atom(sbt.plugins.JUnitXmlReportPlugin)))
[debug] Clause(Atom(sbt.plugins.CorePlugin),Set(Atom(sbt.plugins.Giter8TemplatePlugin)))
[debug] Clause(Atom(sbt.plugins.JvmPlugin),Set(Atom(sbt.plugins.MiniDependencyTreePlugin))))
[debug]   :: deduced result: Matched(sbt.plugins.CorePlugin,sbt.plugins.Giter8TemplatePlugin,sbt.plugins.IvyPlugin,sbt.plugins.JvmPlugin,sbt.plugins.MiniDependencyTreePlugin,sbt.plugins.JUnitXmlReportPlugin,sbt.plugins.SemanticdbPlugin)
[debug] Plugins.deducer#function took 24.6913 ms
[info] loading settings for project lakehouse-build from idea.sbt ...
[debug]               Load.resolveProject(lakehouse-build) took 43.1579ms
[debug]             Load.loadTransitive: finalizeProject(Project(id lakehouse-build, base: D:\sparkProjects\AirportLakehouse\lakehouse\project, plugins: List(<none>))) took 81.1823ms
[debug] [Loading] Done in D:\sparkProjects\AirportLakehouse\lakehouse\project, returning: (lakehouse-build)
[debug]           Load.loadUnit: loadedProjectsRaw took 3821.478ms
[debug]           Load.loadUnit: cleanEvalClasses took 10.8599ms
[debug]         Load.loadUnit(file:/D:/sparkProjects/AirportLakehouse/lakehouse/project/, ...) took 4017.5101ms
[debug]       Load.apply: load took 4174.1489ms
[debug]       Load.apply: resolveProjects took 3.5259ms
[debug]       Load.apply: finalTransforms took 86.137ms
[debug]       Load.apply: config.delegates took 7.7202ms
[debug]       Load.apply: Def.make(settings)... took 546.2759ms
[debug]       Load.apply: structureIndex took 116.5797ms
[debug]       Load.apply: mkStreams took 3.3674ms
[info] loading project definition from D:\sparkProjects\AirportLakehouse\lakehouse\project
[debug] Running task... Cancel: Signal, check cycles: false, forcegc: true
[debug]     Load.loadUnit: plugins took 7013.3965ms
[debug]     Load.loadUnit: defsScala took 0.0029ms
[debug] [Loading] Scanning directory D:\sparkProjects\AirportLakehouse\lakehouse
[debug]       Load.loadUnit: mkEval took 0.2056ms
[debug] [Loading] Found root project root w/ remaining 
[debug] deducing auto plugins based on known facts Set(Atom(sbt.plugins.CorePlugin)) and clauses Clauses(Clause(Atom(sbt.plugins.JvmPlugin),Set(Atom(sbt.plugins.IvyPlugin)))
[debug] Clause(Atom(sbt.ScriptedPlugin),Set(Atom(sbt.plugins.JvmPlugin)))
[debug] Clause(Atom(sbt.plugins.SbtPlugin),Set(Atom(sbt.ScriptedPlugin)))
[debug] Clause(Atom(sbt.plugins.SemanticdbPlugin),Set(Atom(sbt.plugins.JvmPlugin)))
[debug] Clause(Atom(sbt.plugins.JUnitXmlReportPlugin),Set(Atom(sbt.plugins.JvmPlugin)))
[debug] Clause(Atom(sbt.plugins.MiniDependencyTreePlugin),Set(Atom(sbt.plugins.JvmPlugin)))
[debug] Clause(Atom(org.jetbrains.sbt.StructurePlugin),Set(Atom(sbt.plugins.JvmPlugin)))
[debug] Clause(Atom(org.jetbrains.sbt.IdeaShellPlugin),Set(Atom(sbt.plugins.JvmPlugin)))
[debug] Clause(Atom(sbt.plugins.CorePlugin),Set(Atom(sbt.plugins.IvyPlugin)))
[debug] Clause(Atom(sbt.plugins.IvyPlugin),Set(Atom(sbt.plugins.JvmPlugin)))
[debug] Clause(Atom(sbt.plugins.JvmPlugin),Set(Atom(sbt.plugins.SemanticdbPlugin)))
[debug] Clause(Atom(sbt.plugins.JvmPlugin),Set(Atom(sbt.plugins.JUnitXmlReportPlugin)))
[debug] Clause(Atom(sbt.plugins.CorePlugin),Set(Atom(sbt.plugins.Giter8TemplatePlugin)))
[debug] Clause(Atom(sbt.plugins.JvmPlugin),Set(Atom(sbt.plugins.MiniDependencyTreePlugin)))
[debug] Clause(Atom(sbt.plugins.JvmPlugin),Set(Atom(org.jetbrains.sbt.StructurePlugin)))
[debug] Clause(Atom(sbt.plugins.JvmPlugin),Set(Atom(org.jetbrains.sbt.IdeaShellPlugin))))
[debug]   :: deduced result: Matched(sbt.plugins.CorePlugin,sbt.plugins.Giter8TemplatePlugin,sbt.plugins.IvyPlugin,sbt.plugins.JvmPlugin,sbt.plugins.SemanticdbPlugin,sbt.plugins.JUnitXmlReportPlugin,org.jetbrains.sbt.IdeaShellPlugin,org.jetbrains.sbt.StructurePlugin,sbt.plugins.MiniDependencyTreePlugin)
[debug] Plugins.deducer#function took 2.8483 ms
[info] loading settings for project root from build.sbt ...
[debug]         Load.resolveProject(root) took 42.4344ms
[debug]       Load.loadTransitive: finalizeProject(Project(id root, base: D:\sparkProjects\AirportLakehouse\lakehouse, plugins: List(<none>))) took 46.2905ms
[debug] [Loading] Done in D:\sparkProjects\AirportLakehouse\lakehouse, returning: (root)
[debug]     Load.loadUnit: loadedProjectsRaw took 2527.8814ms
[debug]     Load.loadUnit: cleanEvalClasses took 26.526ms
[debug]   Load.loadUnit(file:/D:/sparkProjects/AirportLakehouse/lakehouse/, ...) took 9571.1339ms
[debug] Load.apply: load took 9621.9079ms
[debug] Load.apply: resolveProjects took 0.1281ms
[debug] Load.apply: finalTransforms took 43.338ms
[debug] Load.apply: config.delegates took 0.4866ms
[debug] Load.apply: Def.make(settings)... took 106.5801ms
[debug] Load.apply: structureIndex took 31.7512ms
[debug] Load.apply: mkStreams took 0.0044ms
[info] set current project to lakehouse (in build file:/D:/sparkProjects/AirportLakehouse/lakehouse/)
[debug] > Exec(sbtPopOnFailure, None, None)
[debug] > Exec(resumeFromFailure, None, None)
[debug] > Exec(notifyUsersAboutShell, None, None)
[debug] > Exec(iflast shell, None, None)
[debug] > Exec(idea-shell, None, None)
