[debug] > Exec(early(addDefaultCommands), None, None)
[debug] > Exec(addDefaultCommands, None, None)
[debug] > Exec(early(initialize), None, None)
[debug] > Exec(initialize, None, None)
[debug] > Exec(boot, None, None)
[debug] > Exec(writeSbtVersion, None, None)
[debug] > Exec(reload, None, None)
[debug] > Exec(sbtStashOnFailure, None, None)
[debug] > Exec(onFailure loadFailed, None, None)
[debug] > Exec(loadp, None, None)
[info] welcome to sbt 1.7.3 (Eclipse Adoptium Java 11.0.25)
[debug] Load.defaultLoad until apply took 175.2468ms
[debug]           Load.loadUnit: plugins took 129.351ms
[debug]           Load.loadUnit: defsScala took 0.3777ms
[debug] [Loading] Scanning directory D:\sparkProjects\AirportLakehouse\lakehouse\project
[debug] [Loading] Found non-root projects 
[debug] [Loading] Done in D:\sparkProjects\AirportLakehouse\lakehouse\project, returning: ()
[debug] deducing auto plugins based on known facts Set(Atom(sbt.plugins.CorePlugin)) and clauses Clauses(Clause(Atom(sbt.plugins.JvmPlugin),Set(Atom(sbt.plugins.IvyPlugin)))
[debug] Clause(Atom(sbt.ScriptedPlugin),Set(Atom(sbt.plugins.JvmPlugin)))
[debug] Clause(Atom(sbt.plugins.SbtPlugin),Set(Atom(sbt.ScriptedPlugin)))
[debug] Clause(Atom(sbt.plugins.SemanticdbPlugin),Set(Atom(sbt.plugins.JvmPlugin)))
[debug] Clause(Atom(sbt.plugins.JUnitXmlReportPlugin),Set(Atom(sbt.plugins.JvmPlugin)))
[debug] Clause(Atom(sbt.plugins.MiniDependencyTreePlugin),Set(Atom(sbt.plugins.JvmPlugin)))
[debug] Clause(Atom(sbt.plugins.CorePlugin),Set(Atom(sbt.plugins.IvyPlugin)))
[debug] Clause(Atom(sbt.plugins.IvyPlugin),Set(Atom(sbt.plugins.JvmPlugin)))
[debug] Clause(Atom(sbt.plugins.JvmPlugin),Set(Atom(sbt.plugins.SemanticdbPlugin)))
[debug] Clause(Atom(sbt.plugins.JvmPlugin),Set(Atom(sbt.plugins.JUnitXmlReportPlugin)))
[debug] Clause(Atom(sbt.plugins.CorePlugin),Set(Atom(sbt.plugins.Giter8TemplatePlugin)))
[debug] Clause(Atom(sbt.plugins.JvmPlugin),Set(Atom(sbt.plugins.MiniDependencyTreePlugin))))
[debug]   :: deduced result: Matched(sbt.plugins.CorePlugin,sbt.plugins.Giter8TemplatePlugin,sbt.plugins.IvyPlugin,sbt.plugins.JvmPlugin,sbt.plugins.MiniDependencyTreePlugin,sbt.plugins.JUnitXmlReportPlugin,sbt.plugins.SemanticdbPlugin)
[debug] Plugins.deducer#function took 25.8281 ms
[debug]               Load.resolveProject(lakehouse-build) took 49.9084ms
[debug]             Load.loadTransitive: finalizeProject(Project(id lakehouse-build, base: D:\sparkProjects\AirportLakehouse\lakehouse\project, plugins: List(<none>))) took 114.4857ms
[debug] [Loading] Done in D:\sparkProjects\AirportLakehouse\lakehouse\project, returning: (lakehouse-build)
[debug]           Load.loadUnit: loadedProjectsRaw took 151.7536ms
[debug]           Load.loadUnit: cleanEvalClasses took 0.1902ms
[debug]         Load.loadUnit(file:/D:/sparkProjects/AirportLakehouse/lakehouse/project/, ...) took 288.5871ms
[debug]       Load.apply: load took 498.4839ms
[debug]       Load.apply: resolveProjects took 4.0298ms
[debug]       Load.apply: finalTransforms took 67.5131ms
[debug]       Load.apply: config.delegates took 7.5888ms
[debug]       Load.apply: Def.make(settings)... took 456.9981ms
[debug]       Load.apply: structureIndex took 94.9557ms
[debug]       Load.apply: mkStreams took 2.1408ms
[info] loading project definition from D:\sparkProjects\AirportLakehouse\lakehouse\project
[debug] Running task... Cancel: Signal, check cycles: false, forcegc: true
[debug]     Load.loadUnit: plugins took 2179.0758ms
[debug]     Load.loadUnit: defsScala took 0.0042ms
[debug] [Loading] Scanning directory D:\sparkProjects\AirportLakehouse\lakehouse
[debug]       Load.loadUnit: mkEval took 8.0577ms
[debug] [Loading] Found root project root w/ remaining 
[debug] deducing auto plugins based on known facts Set(Atom(sbt.plugins.CorePlugin)) and clauses Clauses(Clause(Atom(sbt.plugins.JvmPlugin),Set(Atom(sbt.plugins.IvyPlugin)))
[debug] Clause(Atom(sbt.ScriptedPlugin),Set(Atom(sbt.plugins.JvmPlugin)))
[debug] Clause(Atom(sbt.plugins.SbtPlugin),Set(Atom(sbt.ScriptedPlugin)))
[debug] Clause(Atom(sbt.plugins.SemanticdbPlugin),Set(Atom(sbt.plugins.JvmPlugin)))
[debug] Clause(Atom(sbt.plugins.JUnitXmlReportPlugin),Set(Atom(sbt.plugins.JvmPlugin)))
[debug] Clause(Atom(sbt.plugins.MiniDependencyTreePlugin),Set(Atom(sbt.plugins.JvmPlugin)))
[debug] Clause(Atom(sbt.plugins.CorePlugin),Set(Atom(sbt.plugins.IvyPlugin)))
[debug] Clause(Atom(sbt.plugins.IvyPlugin),Set(Atom(sbt.plugins.JvmPlugin)))
[debug] Clause(Atom(sbt.plugins.JvmPlugin),Set(Atom(sbt.plugins.SemanticdbPlugin)))
[debug] Clause(Atom(sbt.plugins.JvmPlugin),Set(Atom(sbt.plugins.JUnitXmlReportPlugin)))
[debug] Clause(Atom(sbt.plugins.CorePlugin),Set(Atom(sbt.plugins.Giter8TemplatePlugin)))
[debug] Clause(Atom(sbt.plugins.JvmPlugin),Set(Atom(sbt.plugins.MiniDependencyTreePlugin))))
[debug]   :: deduced result: Matched(sbt.plugins.CorePlugin,sbt.plugins.Giter8TemplatePlugin,sbt.plugins.IvyPlugin,sbt.plugins.JvmPlugin,sbt.plugins.MiniDependencyTreePlugin,sbt.plugins.JUnitXmlReportPlugin,sbt.plugins.SemanticdbPlugin)
[debug] Plugins.deducer#function took 2.0813 ms
[info] loading settings for project root from build.sbt ...
[debug]         Load.resolveProject(root) took 2.942ms
[debug]       Load.loadTransitive: finalizeProject(Project(id root, base: D:\sparkProjects\AirportLakehouse\lakehouse, plugins: List(<none>))) took 6.0962ms
[debug] [Loading] Done in D:\sparkProjects\AirportLakehouse\lakehouse, returning: (root)
[debug]     Load.loadUnit: loadedProjectsRaw took 2111.7013ms
[debug]     Load.loadUnit: cleanEvalClasses took 5.0909ms
[debug]   Load.loadUnit(file:/D:/sparkProjects/AirportLakehouse/lakehouse/, ...) took 4298.3223ms
[debug] Load.apply: load took 4337.645ms
[debug] Load.apply: resolveProjects took 0.0829ms
[debug] Load.apply: finalTransforms took 7.4291ms
[debug] Load.apply: config.delegates took 0.2699ms
[debug] Load.apply: Def.make(settings)... took 98.166ms
[debug] Load.apply: structureIndex took 21.3743ms
[debug] Load.apply: mkStreams took 0.0029ms
[info] set current project to lakehouse (in build file:/D:/sparkProjects/AirportLakehouse/lakehouse/)
[debug] > Exec(sbtPopOnFailure, None, None)
[debug] > Exec(resumeFromFailure, None, None)
[debug] > Exec(notifyUsersAboutShell, None, None)
[debug] > Exec(iflast shell, None, None)
[debug] > Exec(shell, None, None)
[info] sbt server started at local:sbt-server-e8ce7176863b5a8e7695
[debug] Writing bsp connection file
[info] started sbt server
