[debug] > Exec(;set _root_.scala.collection.Seq(historyPath := None,shellPrompt := { _ => "" },SettingKey[_root_.scala.Option[_root_.sbt.File]]("sbtStructureOutputFile") in _root_.sbt.Global := _root_.scala.Some(_root_.sbt.file("C:/Users/LENOVO/AppData/Local/Temp/sbt-structure.xml")),SettingKey[_root_.java.lang.String]("sbtStructureOptions") in _root_.sbt.Global := "download, resolveSourceClassifiers");apply -cp "C:/Users/LENOVO/AppData/Roaming/JetBrains/IdeaIC2024.3/plugins/Scala/repo/org/jetbrains/scala/sbt-structure-extractor_2.12_1.3/2024.3.0/sbt-structure-extractor-2024.3.0.jar" "org.jetbrains.sbt.CreateTasks" "sbt.jetbrains.LogDownloadArtifacts";preferScala2;*/*:dumpStructure, Some(9da41c49-7720-4b75-a6c3-e2b71931e1a6), Some(CommandSource(console0)))
[debug] > Exec(set _root_.scala.collection.Seq(historyPath := None,shellPrompt := { _ => "" },SettingKey[_root_.scala.Option[_root_.sbt.File]]("sbtStructureOutputFile") in _root_.sbt.Global := _root_.scala.Some(_root_.sbt.file("C:/Users/LENOVO/AppData/Local/Temp/sbt-structure.xml")),SettingKey[_root_.java.lang.String]("sbtStructureOptions") in _root_.sbt.Global := "download, resolveSourceClassifiers"), None, Some(CommandSource(console0)))
[info] Defining Global / sbtStructureOptions, Global / sbtStructureOutputFile and 1 others.
[info] The new values will be used by cleanKeepGlobs
[info] 	Run `last` for details.
[debug] Defining 
[debug] 	Global / sbtStructureOptions
[debug] 	Global / sbtStructureOutputFile
[debug] 	history
[debug] 	shellPrompt
[debug] 
[debug] The new values will be used by 
[debug] 	cleanKeepGlobs
[info] Reapplying settings...
[info] set current project to lakehouse (in build file:/D:/sparkProjects/AirportLakehouse/lakehouse/)
[debug] > Exec(apply -cp "C:/Users/LENOVO/AppData/Roaming/JetBrains/IdeaIC2024.3/plugins/Scala/repo/org/jetbrains/scala/sbt-structure-extractor_2.12_1.3/2024.3.0/sbt-structure-extractor-2024.3.0.jar" "org.jetbrains.sbt.CreateTasks" "sbt.jetbrains.LogDownloadArtifacts", None, Some(CommandSource(console0)))
[info] Applying State transformations org.jetbrains.sbt.CreateTasks, sbt.jetbrains.LogDownloadArtifacts from C:/Users/LENOVO/AppData/Roaming/JetBrains/IdeaIC2024.3/plugins/Scala/repo/org/jetbrains/scala/sbt-structure-extractor_2.12_1.3/2024.3.0/sbt-structure-extractor-2024.3.0.jar
[info] Reapplying settings...
[info] set current project to lakehouse (in build file:/D:/sparkProjects/AirportLakehouse/lakehouse/)
[info] Reapplying settings...
[info] set current project to lakehouse (in build file:/D:/sparkProjects/AirportLakehouse/lakehouse/)
[debug] > Exec(preferScala2, None, Some(CommandSource(console0)))
[debug] > Exec(*/*:dumpStructure, None, Some(CommandSource(console0)))
[debug] Evaluating tasks: Global / dumpStructure
[warn] sbt 0.13 shell syntax is deprecated; use slash syntax instead: Global / dumpStructure
[debug] Running task... Cancel: Signal, check cycles: false, forcegc: true
[info] downloading https://repo1.maven.org/maven2/org/apache/spark/spark-sql_2.13/3.4.4/spark-sql_2.13-3.4.4.pom
[info] downloaded https://repo1.maven.org/maven2/org/apache/spark/spark-sql_2.13/3.4.4/spark-sql_2.13-3.4.4.pom
[info] downloading https://repo1.maven.org/maven2/org/apache/spark/spark-parent_2.13/3.4.4/spark-parent_2.13-3.4.4.pom
[info] downloaded https://repo1.maven.org/maven2/org/apache/spark/spark-parent_2.13/3.4.4/spark-parent_2.13-3.4.4.pom
[info] downloading https://repo1.maven.org/maven2/org/rocksdb/rocksdbjni/7.9.2/rocksdbjni-7.9.2.pom
[info] downloading https://repo1.maven.org/maven2/org/apache/spark/spark-sketch_2.13/3.4.4/spark-sketch_2.13-3.4.4.pom
[info] downloading https://repo1.maven.org/maven2/org/apache/orc/orc-mapreduce/1.8.7/orc-mapreduce-1.8.7.pom
[info] downloading https://repo1.maven.org/maven2/org/apache/orc/orc-core/1.8.7/orc-core-1.8.7.pom
[info] downloading https://repo1.maven.org/maven2/org/apache/spark/spark-core_2.13/3.4.4/spark-core_2.13-3.4.4.pom
[info] downloading https://repo1.maven.org/maven2/org/apache/spark/spark-catalyst_2.13/3.4.4/spark-catalyst_2.13-3.4.4.pom
[info] downloaded https://repo1.maven.org/maven2/org/rocksdb/rocksdbjni/7.9.2/rocksdbjni-7.9.2.pom
[info] downloading https://repo1.maven.org/maven2/org/apache/spark/spark-tags_2.13/3.4.4/spark-tags_2.13-3.4.4.pom
[info] downloaded https://repo1.maven.org/maven2/org/apache/spark/spark-tags_2.13/3.4.4/spark-tags_2.13-3.4.4.pom
[info] downloading https://repo1.maven.org/maven2/org/apache/xbean/xbean-asm9-shaded/4.22/xbean-asm9-shaded-4.22.pom
[info] downloaded https://repo1.maven.org/maven2/org/apache/spark/spark-catalyst_2.13/3.4.4/spark-catalyst_2.13-3.4.4.pom
[info] downloaded https://repo1.maven.org/maven2/org/apache/orc/orc-mapreduce/1.8.7/orc-mapreduce-1.8.7.pom
[info] downloaded https://repo1.maven.org/maven2/org/apache/orc/orc-core/1.8.7/orc-core-1.8.7.pom
[info] downloaded https://repo1.maven.org/maven2/org/apache/xbean/xbean-asm9-shaded/4.22/xbean-asm9-shaded-4.22.pom
[info] downloaded https://repo1.maven.org/maven2/org/apache/spark/spark-sketch_2.13/3.4.4/spark-sketch_2.13-3.4.4.pom
[info] downloaded https://repo1.maven.org/maven2/org/apache/spark/spark-core_2.13/3.4.4/spark-core_2.13-3.4.4.pom
[info] downloading https://repo1.maven.org/maven2/org/apache/xbean/xbean/4.22/xbean-4.22.pom
[info] downloading https://repo1.maven.org/maven2/org/apache/orc/orc/1.8.7/orc-1.8.7.pom
[info] downloaded https://repo1.maven.org/maven2/org/apache/xbean/xbean/4.22/xbean-4.22.pom
[info] downloaded https://repo1.maven.org/maven2/org/apache/orc/orc/1.8.7/orc-1.8.7.pom
[info] downloading https://repo1.maven.org/maven2/org/apache/apache/24/apache-24.pom
[info] downloaded https://repo1.maven.org/maven2/org/apache/apache/24/apache-24.pom
[info] downloading https://repo1.maven.org/maven2/io/dropwizard/metrics/metrics-core/4.2.15/metrics-core-4.2.15.pom
[info] downloading https://repo1.maven.org/maven2/org/apache/arrow/arrow-vector/11.0.0/arrow-vector-11.0.0.pom
[info] downloading https://repo1.maven.org/maven2/org/apache/spark/spark-network-common_2.13/3.4.4/spark-network-common_2.13-3.4.4.pom
[info] downloading https://repo1.maven.org/maven2/org/slf4j/jul-to-slf4j/2.0.6/jul-to-slf4j-2.0.6.pom
[info] downloading https://repo1.maven.org/maven2/org/apache/spark/spark-launcher_2.13/3.4.4/spark-launcher_2.13-3.4.4.pom
[info] downloading https://repo1.maven.org/maven2/org/apache/orc/orc-shims/1.8.7/orc-shims-1.8.7.pom
[info] downloaded https://repo1.maven.org/maven2/io/dropwizard/metrics/metrics-core/4.2.15/metrics-core-4.2.15.pom
[info] downloading https://repo1.maven.org/maven2/org/apache/spark/spark-network-shuffle_2.13/3.4.4/spark-network-shuffle_2.13-3.4.4.pom
[info] downloaded https://repo1.maven.org/maven2/org/slf4j/jul-to-slf4j/2.0.6/jul-to-slf4j-2.0.6.pom
[info] downloading https://repo1.maven.org/maven2/org/apache/logging/log4j/log4j-1.2-api/2.19.0/log4j-1.2-api-2.19.0.pom
[info] downloaded https://repo1.maven.org/maven2/org/apache/spark/spark-launcher_2.13/3.4.4/spark-launcher_2.13-3.4.4.pom
[info] downloading https://repo1.maven.org/maven2/org/apache/arrow/arrow-memory-netty/11.0.0/arrow-memory-netty-11.0.0.pom
[info] downloaded https://repo1.maven.org/maven2/org/apache/spark/spark-network-common_2.13/3.4.4/spark-network-common_2.13-3.4.4.pom
[info] downloading https://repo1.maven.org/maven2/io/dropwizard/metrics/metrics-jvm/4.2.15/metrics-jvm-4.2.15.pom
[info] downloaded https://repo1.maven.org/maven2/org/apache/orc/orc-shims/1.8.7/orc-shims-1.8.7.pom
[info] downloading https://repo1.maven.org/maven2/io/dropwizard/metrics/metrics-json/4.2.15/metrics-json-4.2.15.pom
[info] downloaded https://repo1.maven.org/maven2/org/apache/logging/log4j/log4j-1.2-api/2.19.0/log4j-1.2-api-2.19.0.pom
[info] downloading https://repo1.maven.org/maven2/org/roaringbitmap/RoaringBitmap/0.9.38/RoaringBitmap-0.9.38.pom
[info] downloaded https://repo1.maven.org/maven2/org/apache/spark/spark-network-shuffle_2.13/3.4.4/spark-network-shuffle_2.13-3.4.4.pom
[info] downloading https://repo1.maven.org/maven2/org/glassfish/jersey/inject/jersey-hk2/2.36/jersey-hk2-2.36.pom
[info] downloaded https://repo1.maven.org/maven2/org/apache/arrow/arrow-memory-netty/11.0.0/arrow-memory-netty-11.0.0.pom
[info] downloading https://repo1.maven.org/maven2/org/apache/avro/avro-mapred/1.11.1/avro-mapred-1.11.1.pom
[info] downloaded https://repo1.maven.org/maven2/io/dropwizard/metrics/metrics-json/4.2.15/metrics-json-4.2.15.pom
[info] downloading https://repo1.maven.org/maven2/org/apache/spark/spark-kvstore_2.13/3.4.4/spark-kvstore_2.13-3.4.4.pom
[info] downloaded https://repo1.maven.org/maven2/io/dropwizard/metrics/metrics-jvm/4.2.15/metrics-jvm-4.2.15.pom
[info] downloading https://repo1.maven.org/maven2/org/apache/spark/spark-unsafe_2.13/3.4.4/spark-unsafe_2.13-3.4.4.pom
[info] downloaded https://repo1.maven.org/maven2/org/apache/arrow/arrow-vector/11.0.0/arrow-vector-11.0.0.pom
[info] downloading https://repo1.maven.org/maven2/com/github/luben/zstd-jni/1.5.2-5/zstd-jni-1.5.2-5.pom
[info] downloaded https://repo1.maven.org/maven2/org/glassfish/jersey/inject/jersey-hk2/2.36/jersey-hk2-2.36.pom
[info] downloaded https://repo1.maven.org/maven2/org/roaringbitmap/RoaringBitmap/0.9.38/RoaringBitmap-0.9.38.pom
[info] downloading https://repo1.maven.org/maven2/org/glassfish/jersey/core/jersey-server/2.36/jersey-server-2.36.pom
[info] downloading https://repo1.maven.org/maven2/io/netty/netty-transport-native-kqueue/4.1.87.Final/netty-transport-native-kqueue-4.1.87.Final.pom
[info] downloaded https://repo1.maven.org/maven2/org/apache/spark/spark-unsafe_2.13/3.4.4/spark-unsafe_2.13-3.4.4.pom
[info] downloading https://repo1.maven.org/maven2/io/netty/netty-all/4.1.87.Final/netty-all-4.1.87.Final.pom
[info] downloaded https://repo1.maven.org/maven2/org/apache/spark/spark-kvstore_2.13/3.4.4/spark-kvstore_2.13-3.4.4.pom
[info] downloading https://repo1.maven.org/maven2/org/glassfish/jersey/core/jersey-client/2.36/jersey-client-2.36.pom
[info] downloaded https://repo1.maven.org/maven2/org/apache/avro/avro-mapred/1.11.1/avro-mapred-1.11.1.pom
[info] downloading https://repo1.maven.org/maven2/org/apache/avro/avro/1.11.1/avro-1.11.1.pom
[info] downloaded https://repo1.maven.org/maven2/com/github/luben/zstd-jni/1.5.2-5/zstd-jni-1.5.2-5.pom
[info] downloading https://repo1.maven.org/maven2/org/glassfish/jersey/containers/jersey-container-servlet/2.36/jersey-container-servlet-2.36.pom
[info] downloaded https://repo1.maven.org/maven2/io/netty/netty-transport-native-kqueue/4.1.87.Final/netty-transport-native-kqueue-4.1.87.Final.pom
[info] downloading https://repo1.maven.org/maven2/io/dropwizard/metrics/metrics-jmx/4.2.15/metrics-jmx-4.2.15.pom
[info] downloaded https://repo1.maven.org/maven2/org/glassfish/jersey/core/jersey-client/2.36/jersey-client-2.36.pom
[info] downloading https://repo1.maven.org/maven2/io/dropwizard/metrics/metrics-graphite/4.2.15/metrics-graphite-4.2.15.pom
[info] downloaded https://repo1.maven.org/maven2/org/apache/avro/avro/1.11.1/avro-1.11.1.pom
[info] downloading https://repo1.maven.org/maven2/org/glassfish/jersey/containers/jersey-container-servlet-core/2.36/jersey-container-servlet-core-2.36.pom
[info] downloaded https://repo1.maven.org/maven2/org/glassfish/jersey/core/jersey-server/2.36/jersey-server-2.36.pom
[info] downloading https://repo1.maven.org/maven2/org/slf4j/jcl-over-slf4j/2.0.6/jcl-over-slf4j-2.0.6.pom
[info] downloaded https://repo1.maven.org/maven2/org/glassfish/jersey/containers/jersey-container-servlet/2.36/jersey-container-servlet-2.36.pom
[info] downloading https://repo1.maven.org/maven2/com/google/protobuf/protobuf-java/3.17.3/protobuf-java-3.17.3.pom
[info] downloaded https://repo1.maven.org/maven2/io/netty/netty-all/4.1.87.Final/netty-all-4.1.87.Final.pom
[info] downloading https://repo1.maven.org/maven2/org/scala-lang/modules/scala-parser-combinators_2.13/2.1.1/scala-parser-combinators_2.13-2.1.1.pom
[info] downloaded https://repo1.maven.org/maven2/io/dropwizard/metrics/metrics-jmx/4.2.15/metrics-jmx-4.2.15.pom
[info] downloading https://repo1.maven.org/maven2/org/glassfish/jersey/core/jersey-common/2.36/jersey-common-2.36.pom
[info] downloaded https://repo1.maven.org/maven2/com/google/protobuf/protobuf-java/3.17.3/protobuf-java-3.17.3.pom
[info] downloaded https://repo1.maven.org/maven2/org/slf4j/jcl-over-slf4j/2.0.6/jcl-over-slf4j-2.0.6.pom
[info] downloaded https://repo1.maven.org/maven2/org/glassfish/jersey/containers/jersey-container-servlet-core/2.36/jersey-container-servlet-core-2.36.pom
[info] downloaded https://repo1.maven.org/maven2/io/dropwizard/metrics/metrics-graphite/4.2.15/metrics-graphite-4.2.15.pom
[info] downloaded https://repo1.maven.org/maven2/org/scala-lang/modules/scala-parser-combinators_2.13/2.1.1/scala-parser-combinators_2.13-2.1.1.pom
[info] downloaded https://repo1.maven.org/maven2/org/glassfish/jersey/core/jersey-common/2.36/jersey-common-2.36.pom
[info] downloading https://repo1.maven.org/maven2/org/glassfish/jersey/inject/project/2.36/project-2.36.pom
[info] downloading https://repo1.maven.org/maven2/org/apache/arrow/arrow-java-root/11.0.0/arrow-java-root-11.0.0.pom
[info] downloading https://repo1.maven.org/maven2/org/apache/avro/avro-parent/1.11.1/avro-parent-1.11.1.pom
[info] downloading https://repo1.maven.org/maven2/io/netty/netty-parent/4.1.87.Final/netty-parent-4.1.87.Final.pom
[info] downloading https://repo1.maven.org/maven2/org/glassfish/jersey/project/2.36/project-2.36.pom
[info] downloading https://repo1.maven.org/maven2/io/dropwizard/metrics/metrics-parent/4.2.15/metrics-parent-4.2.15.pom
[info] downloaded https://repo1.maven.org/maven2/org/glassfish/jersey/inject/project/2.36/project-2.36.pom
[info] downloading https://repo1.maven.org/maven2/org/glassfish/jersey/containers/project/2.36/project-2.36.pom
[info] downloaded https://repo1.maven.org/maven2/org/apache/avro/avro-parent/1.11.1/avro-parent-1.11.1.pom
[info] downloading https://repo1.maven.org/maven2/com/google/protobuf/protobuf-parent/3.17.3/protobuf-parent-3.17.3.pom
[info] downloaded https://repo1.maven.org/maven2/org/glassfish/jersey/project/2.36/project-2.36.pom
[info] downloading https://repo1.maven.org/maven2/org/slf4j/slf4j-parent/2.0.6/slf4j-parent-2.0.6.pom
[info] downloaded https://repo1.maven.org/maven2/org/apache/arrow/arrow-java-root/11.0.0/arrow-java-root-11.0.0.pom
[info] downloading https://repo1.maven.org/maven2/org/apache/arrow/arrow-memory/11.0.0/arrow-memory-11.0.0.pom
[info] downloaded https://repo1.maven.org/maven2/io/netty/netty-parent/4.1.87.Final/netty-parent-4.1.87.Final.pom
[info] downloaded https://repo1.maven.org/maven2/org/glassfish/jersey/containers/project/2.36/project-2.36.pom
[info] downloading https://repo1.maven.org/maven2/org/apache/logging/log4j/log4j/2.19.0/log4j-2.19.0.pom
[info] downloaded https://repo1.maven.org/maven2/com/google/protobuf/protobuf-parent/3.17.3/protobuf-parent-3.17.3.pom
[info] downloaded https://repo1.maven.org/maven2/org/slf4j/slf4j-parent/2.0.6/slf4j-parent-2.0.6.pom
[info] downloaded https://repo1.maven.org/maven2/org/apache/arrow/arrow-memory/11.0.0/arrow-memory-11.0.0.pom
[info] downloaded https://repo1.maven.org/maven2/io/dropwizard/metrics/metrics-parent/4.2.15/metrics-parent-4.2.15.pom
[info] downloaded https://repo1.maven.org/maven2/org/apache/logging/log4j/log4j/2.19.0/log4j-2.19.0.pom
[info] downloading https://repo1.maven.org/maven2/com/fasterxml/jackson/jackson-bom/2.13.4/jackson-bom-2.13.4.pom
[info] downloading https://repo1.maven.org/maven2/org/apache/logging/logging-parent/5/logging-parent-5.pom
[info] downloading https://repo1.maven.org/maven2/org/apache/avro/avro-toplevel/1.11.1/avro-toplevel-1.11.1.pom
[info] downloaded https://repo1.maven.org/maven2/com/fasterxml/jackson/jackson-bom/2.13.4/jackson-bom-2.13.4.pom
[info] downloaded https://repo1.maven.org/maven2/org/apache/logging/logging-parent/5/logging-parent-5.pom
[info] downloaded https://repo1.maven.org/maven2/org/apache/avro/avro-toplevel/1.11.1/avro-toplevel-1.11.1.pom
[info] downloading https://repo1.maven.org/maven2/com/google/protobuf/protobuf-bom/3.17.3/protobuf-bom-3.17.3.pom
[info] downloaded https://repo1.maven.org/maven2/com/google/protobuf/protobuf-bom/3.17.3/protobuf-bom-3.17.3.pom
[info] downloading https://repo1.maven.org/maven2/org/apache/logging/log4j/log4j-bom/2.19.0/log4j-bom-2.19.0.pom
[info] downloading https://repo1.maven.org/maven2/com/fasterxml/jackson/jackson-bom/2.12.7/jackson-bom-2.12.7.pom
[info] downloaded https://repo1.maven.org/maven2/com/fasterxml/jackson/jackson-bom/2.12.7/jackson-bom-2.12.7.pom
[info] downloaded https://repo1.maven.org/maven2/org/apache/logging/log4j/log4j-bom/2.19.0/log4j-bom-2.19.0.pom
[info] downloading https://repo1.maven.org/maven2/io/dropwizard/metrics/metrics-bom/4.2.15/metrics-bom-4.2.15.pom
[info] downloaded https://repo1.maven.org/maven2/io/dropwizard/metrics/metrics-bom/4.2.15/metrics-bom-4.2.15.pom
[info] downloading https://repo1.maven.org/maven2/io/netty/netty-codec-http2/4.1.87.Final/netty-codec-http2-4.1.87.Final.pom
[info] downloading https://repo1.maven.org/maven2/io/netty/netty-transport-classes-kqueue/4.1.87.Final/netty-transport-classes-kqueue-4.1.87.Final.pom
[info] downloading https://repo1.maven.org/maven2/com/google/crypto/tink/tink/1.7.0/tink-1.7.0.pom
[info] downloading https://repo1.maven.org/maven2/org/apache/arrow/arrow-memory-core/11.0.0/arrow-memory-core-11.0.0.pom
[info] downloading https://repo1.maven.org/maven2/org/apache/avro/avro-ipc/1.11.1/avro-ipc-1.11.1.pom
[info] downloading https://repo1.maven.org/maven2/io/netty/netty-codec-http/4.1.87.Final/netty-codec-http-4.1.87.Final.pom
[info] downloaded https://repo1.maven.org/maven2/io/netty/netty-transport-classes-kqueue/4.1.87.Final/netty-transport-classes-kqueue-4.1.87.Final.pom
[info] downloading https://repo1.maven.org/maven2/io/netty/netty-codec-socks/4.1.87.Final/netty-codec-socks-4.1.87.Final.pom
[info] downloaded https://repo1.maven.org/maven2/io/netty/netty-codec-http2/4.1.87.Final/netty-codec-http2-4.1.87.Final.pom
[info] downloading https://repo1.maven.org/maven2/org/apache/arrow/arrow-format/11.0.0/arrow-format-11.0.0.pom
[info] downloaded https://repo1.maven.org/maven2/org/apache/arrow/arrow-memory-core/11.0.0/arrow-memory-core-11.0.0.pom
[info] downloading https://repo1.maven.org/maven2/org/roaringbitmap/shims/0.9.38/shims-0.9.38.pom
[info] downloaded https://repo1.maven.org/maven2/io/netty/netty-codec-http/4.1.87.Final/netty-codec-http-4.1.87.Final.pom
[info] downloading https://repo1.maven.org/maven2/io/netty/netty-handler-proxy/4.1.87.Final/netty-handler-proxy-4.1.87.Final.pom
[info] downloaded https://repo1.maven.org/maven2/com/google/crypto/tink/tink/1.7.0/tink-1.7.0.pom
[info] downloaded https://repo1.maven.org/maven2/io/netty/netty-handler-proxy/4.1.87.Final/netty-handler-proxy-4.1.87.Final.pom
[info] downloaded https://repo1.maven.org/maven2/io/netty/netty-codec-socks/4.1.87.Final/netty-codec-socks-4.1.87.Final.pom
[info] downloaded https://repo1.maven.org/maven2/org/apache/arrow/arrow-format/11.0.0/arrow-format-11.0.0.pom
[info] downloaded https://repo1.maven.org/maven2/org/roaringbitmap/shims/0.9.38/shims-0.9.38.pom
[info] downloaded https://repo1.maven.org/maven2/org/apache/avro/avro-ipc/1.11.1/avro-ipc-1.11.1.pom
[info] downloading https://repo1.maven.org/maven2/com/google/protobuf/protobuf-java/3.19.3/protobuf-java-3.19.3.pom
[info] downloaded https://repo1.maven.org/maven2/com/google/protobuf/protobuf-java/3.19.3/protobuf-java-3.19.3.pom
[info] downloading https://repo1.maven.org/maven2/com/google/protobuf/protobuf-parent/3.19.3/protobuf-parent-3.19.3.pom
[info] downloaded https://repo1.maven.org/maven2/com/google/protobuf/protobuf-parent/3.19.3/protobuf-parent-3.19.3.pom
[info] downloading https://repo1.maven.org/maven2/com/google/protobuf/protobuf-bom/3.19.3/protobuf-bom-3.19.3.pom
[info] downloaded https://repo1.maven.org/maven2/com/google/protobuf/protobuf-bom/3.19.3/protobuf-bom-3.19.3.pom
[info] downloading https://repo1.maven.org/maven2/org/apache/spark/spark-unsafe_2.13/3.4.4/spark-unsafe_2.13-3.4.4.jar
[info] downloading https://repo1.maven.org/maven2/com/fasterxml/jackson/module/jackson-module-scala_2.13/2.15.0/jackson-module-scala_2.13-2.15.0.jar
[info] downloading https://repo1.maven.org/maven2/org/apache/arrow/arrow-vector/11.0.0/arrow-vector-11.0.0.jar
[info] downloading https://repo1.maven.org/maven2/com/github/luben/zstd-jni/1.5.2-5/zstd-jni-1.5.2-5.jar
[info] downloading https://repo1.maven.org/maven2/org/glassfish/jersey/containers/jersey-container-servlet-core/2.36/jersey-container-servlet-core-2.36.jar
[info] downloading https://repo1.maven.org/maven2/io/dropwizard/metrics/metrics-graphite/4.2.15/metrics-graphite-4.2.15.jar
[info] downloaded https://repo1.maven.org/maven2/io/dropwizard/metrics/metrics-graphite/4.2.15/metrics-graphite-4.2.15.jar
[info] downloading https://repo1.maven.org/maven2/com/google/protobuf/protobuf-java/3.19.3/protobuf-java-3.19.3.jar
[info] downloaded https://repo1.maven.org/maven2/org/glassfish/jersey/containers/jersey-container-servlet-core/2.36/jersey-container-servlet-core-2.36.jar
[info] downloading https://repo1.maven.org/maven2/org/glassfish/jersey/core/jersey-common/2.36/jersey-common-2.36.jar
[info] downloaded https://repo1.maven.org/maven2/org/apache/spark/spark-unsafe_2.13/3.4.4/spark-unsafe_2.13-3.4.4.jar
[info] downloading https://repo1.maven.org/maven2/org/roaringbitmap/RoaringBitmap/0.9.38/RoaringBitmap-0.9.38.jar
[info] downloaded https://repo1.maven.org/maven2/org/roaringbitmap/RoaringBitmap/0.9.38/RoaringBitmap-0.9.38.jar
[info] downloading https://repo1.maven.org/maven2/io/netty/netty-handler-proxy/4.1.87.Final/netty-handler-proxy-4.1.87.Final.jar
[info] downloaded https://repo1.maven.org/maven2/io/netty/netty-handler-proxy/4.1.87.Final/netty-handler-proxy-4.1.87.Final.jar
[info] downloading https://repo1.maven.org/maven2/io/netty/netty-transport-native-kqueue/4.1.87.Final/netty-transport-native-kqueue-4.1.87.Final-osx-aarch_64.jar
[info] downloaded https://repo1.maven.org/maven2/io/netty/netty-transport-native-kqueue/4.1.87.Final/netty-transport-native-kqueue-4.1.87.Final-osx-aarch_64.jar
[info] downloading https://repo1.maven.org/maven2/org/apache/spark/spark-sql_2.13/3.4.4/spark-sql_2.13-3.4.4.jar
[info] downloaded https://repo1.maven.org/maven2/com/fasterxml/jackson/module/jackson-module-scala_2.13/2.15.0/jackson-module-scala_2.13-2.15.0.jar
[info] downloading https://repo1.maven.org/maven2/org/apache/avro/avro/1.11.1/avro-1.11.1.jar
[info] downloaded https://repo1.maven.org/maven2/com/github/luben/zstd-jni/1.5.2-5/zstd-jni-1.5.2-5.jar
[info] downloading https://repo1.maven.org/maven2/org/apache/spark/spark-catalyst_2.13/3.4.4/spark-catalyst_2.13-3.4.4.jar
[info] downloaded https://repo1.maven.org/maven2/org/glassfish/jersey/core/jersey-common/2.36/jersey-common-2.36.jar
[info] downloading https://repo1.maven.org/maven2/org/roaringbitmap/shims/0.9.38/shims-0.9.38.jar
[info] downloaded https://repo1.maven.org/maven2/org/roaringbitmap/shims/0.9.38/shims-0.9.38.jar
[info] downloading https://repo1.maven.org/maven2/org/apache/xbean/xbean-asm9-shaded/4.22/xbean-asm9-shaded-4.22.jar
[info] downloaded https://repo1.maven.org/maven2/org/apache/xbean/xbean-asm9-shaded/4.22/xbean-asm9-shaded-4.22.jar
[info] downloading https://repo1.maven.org/maven2/org/apache/spark/spark-core_2.13/3.4.4/spark-core_2.13-3.4.4.jar
[info] downloaded https://repo1.maven.org/maven2/com/google/protobuf/protobuf-java/3.19.3/protobuf-java-3.19.3.jar
[info] downloading https://repo1.maven.org/maven2/org/apache/avro/avro-mapred/1.11.1/avro-mapred-1.11.1.jar
[info] downloaded https://repo1.maven.org/maven2/org/apache/avro/avro-mapred/1.11.1/avro-mapred-1.11.1.jar
[info] downloading https://repo1.maven.org/maven2/org/apache/spark/spark-tags_2.13/3.4.4/spark-tags_2.13-3.4.4.jar
[info] downloaded https://repo1.maven.org/maven2/org/apache/avro/avro/1.11.1/avro-1.11.1.jar
[info] downloading https://repo1.maven.org/maven2/org/apache/spark/spark-network-shuffle_2.13/3.4.4/spark-network-shuffle_2.13-3.4.4.jar
[info] downloaded https://repo1.maven.org/maven2/org/apache/spark/spark-tags_2.13/3.4.4/spark-tags_2.13-3.4.4.jar
[info] downloading https://repo1.maven.org/maven2/org/apache/arrow/arrow-format/11.0.0/arrow-format-11.0.0.jar
[info] downloaded https://repo1.maven.org/maven2/org/apache/arrow/arrow-format/11.0.0/arrow-format-11.0.0.jar
[info] downloading https://repo1.maven.org/maven2/io/netty/netty-transport-classes-kqueue/4.1.87.Final/netty-transport-classes-kqueue-4.1.87.Final.jar
[info] downloaded https://repo1.maven.org/maven2/org/apache/spark/spark-network-shuffle_2.13/3.4.4/spark-network-shuffle_2.13-3.4.4.jar
[info] downloading https://repo1.maven.org/maven2/org/glassfish/jersey/containers/jersey-container-servlet/2.36/jersey-container-servlet-2.36.jar
[info] downloaded https://repo1.maven.org/maven2/org/glassfish/jersey/containers/jersey-container-servlet/2.36/jersey-container-servlet-2.36.jar
[info] downloading https://repo1.maven.org/maven2/io/netty/netty-codec-socks/4.1.87.Final/netty-codec-socks-4.1.87.Final.jar
[info] downloaded https://repo1.maven.org/maven2/io/netty/netty-transport-classes-kqueue/4.1.87.Final/netty-transport-classes-kqueue-4.1.87.Final.jar
[info] downloading https://repo1.maven.org/maven2/org/apache/spark/spark-kvstore_2.13/3.4.4/spark-kvstore_2.13-3.4.4.jar
[info] downloaded https://repo1.maven.org/maven2/org/apache/spark/spark-kvstore_2.13/3.4.4/spark-kvstore_2.13-3.4.4.jar
[info] downloading https://repo1.maven.org/maven2/org/glassfish/jersey/core/jersey-server/2.36/jersey-server-2.36.jar
[info] downloaded https://repo1.maven.org/maven2/io/netty/netty-codec-socks/4.1.87.Final/netty-codec-socks-4.1.87.Final.jar
[info] downloading https://repo1.maven.org/maven2/io/dropwizard/metrics/metrics-json/4.2.15/metrics-json-4.2.15.jar
[info] downloaded https://repo1.maven.org/maven2/io/dropwizard/metrics/metrics-json/4.2.15/metrics-json-4.2.15.jar
[info] downloading https://repo1.maven.org/maven2/org/apache/arrow/arrow-memory-netty/11.0.0/arrow-memory-netty-11.0.0.jar
[info] downloaded https://repo1.maven.org/maven2/org/apache/arrow/arrow-memory-netty/11.0.0/arrow-memory-netty-11.0.0.jar
[info] downloading https://repo1.maven.org/maven2/org/slf4j/jcl-over-slf4j/2.0.6/jcl-over-slf4j-2.0.6.jar
[info] downloaded https://repo1.maven.org/maven2/org/slf4j/jcl-over-slf4j/2.0.6/jcl-over-slf4j-2.0.6.jar
[info] downloading https://repo1.maven.org/maven2/io/netty/netty-transport-native-kqueue/4.1.87.Final/netty-transport-native-kqueue-4.1.87.Final-osx-x86_64.jar
[info] downloaded https://repo1.maven.org/maven2/io/netty/netty-transport-native-kqueue/4.1.87.Final/netty-transport-native-kqueue-4.1.87.Final-osx-x86_64.jar
[info] downloading https://repo1.maven.org/maven2/io/dropwizard/metrics/metrics-jmx/4.2.15/metrics-jmx-4.2.15.jar
[info] downloaded https://repo1.maven.org/maven2/org/glassfish/jersey/core/jersey-server/2.36/jersey-server-2.36.jar
[info] downloading https://repo1.maven.org/maven2/org/apache/spark/spark-launcher_2.13/3.4.4/spark-launcher_2.13-3.4.4.jar
[info] downloaded https://repo1.maven.org/maven2/org/apache/spark/spark-catalyst_2.13/3.4.4/spark-catalyst_2.13-3.4.4.jar
[info] downloading https://repo1.maven.org/maven2/org/apache/arrow/arrow-memory-core/11.0.0/arrow-memory-core-11.0.0.jar
[info] downloaded https://repo1.maven.org/maven2/io/dropwizard/metrics/metrics-jmx/4.2.15/metrics-jmx-4.2.15.jar
[info] downloading https://repo1.maven.org/maven2/io/dropwizard/metrics/metrics-jvm/4.2.15/metrics-jvm-4.2.15.jar
[info] downloaded https://repo1.maven.org/maven2/org/apache/spark/spark-launcher_2.13/3.4.4/spark-launcher_2.13-3.4.4.jar
[info] downloading https://repo1.maven.org/maven2/org/apache/spark/spark-sketch_2.13/3.4.4/spark-sketch_2.13-3.4.4.jar
[info] downloaded https://repo1.maven.org/maven2/org/apache/arrow/arrow-memory-core/11.0.0/arrow-memory-core-11.0.0.jar
[info] downloading https://repo1.maven.org/maven2/com/google/crypto/tink/tink/1.7.0/tink-1.7.0.jar
[info] downloaded https://repo1.maven.org/maven2/io/dropwizard/metrics/metrics-jvm/4.2.15/metrics-jvm-4.2.15.jar
[info] downloading https://repo1.maven.org/maven2/org/apache/logging/log4j/log4j-1.2-api/2.19.0/log4j-1.2-api-2.19.0.jar
[info] downloaded https://repo1.maven.org/maven2/org/apache/spark/spark-sketch_2.13/3.4.4/spark-sketch_2.13-3.4.4.jar
[info] downloading https://repo1.maven.org/maven2/io/netty/netty-all/4.1.87.Final/netty-all-4.1.87.Final.jar
[info] downloaded https://repo1.maven.org/maven2/io/netty/netty-all/4.1.87.Final/netty-all-4.1.87.Final.jar
[info] downloading https://repo1.maven.org/maven2/org/apache/orc/orc-shims/1.8.7/orc-shims-1.8.7.jar
[info] downloaded https://repo1.maven.org/maven2/org/apache/arrow/arrow-vector/11.0.0/arrow-vector-11.0.0.jar
[info] downloading https://repo1.maven.org/maven2/io/netty/netty-codec-http2/4.1.87.Final/netty-codec-http2-4.1.87.Final.jar
[info] downloaded https://repo1.maven.org/maven2/org/apache/orc/orc-shims/1.8.7/orc-shims-1.8.7.jar
[info] downloading https://repo1.maven.org/maven2/org/glassfish/jersey/core/jersey-client/2.36/jersey-client-2.36.jar
[info] downloaded https://repo1.maven.org/maven2/org/glassfish/jersey/core/jersey-client/2.36/jersey-client-2.36.jar
[info] downloading https://repo1.maven.org/maven2/org/slf4j/jul-to-slf4j/2.0.6/jul-to-slf4j-2.0.6.jar
[info] downloaded https://repo1.maven.org/maven2/com/google/crypto/tink/tink/1.7.0/tink-1.7.0.jar
[info] downloading https://repo1.maven.org/maven2/io/dropwizard/metrics/metrics-core/4.2.15/metrics-core-4.2.15.jar
[info] downloaded https://repo1.maven.org/maven2/org/slf4j/jul-to-slf4j/2.0.6/jul-to-slf4j-2.0.6.jar
[info] downloading https://repo1.maven.org/maven2/org/apache/orc/orc-mapreduce/1.8.7/orc-mapreduce-1.8.7-shaded-protobuf.jar
[info] downloaded https://repo1.maven.org/maven2/org/apache/logging/log4j/log4j-1.2-api/2.19.0/log4j-1.2-api-2.19.0.jar
[info] downloading https://repo1.maven.org/maven2/org/apache/spark/spark-network-common_2.13/3.4.4/spark-network-common_2.13-3.4.4.jar
[info] downloaded https://repo1.maven.org/maven2/io/dropwizard/metrics/metrics-core/4.2.15/metrics-core-4.2.15.jar
[info] downloading https://repo1.maven.org/maven2/org/rocksdb/rocksdbjni/7.9.2/rocksdbjni-7.9.2.jar
[info] downloaded https://repo1.maven.org/maven2/io/netty/netty-codec-http2/4.1.87.Final/netty-codec-http2-4.1.87.Final.jar
[info] downloading https://repo1.maven.org/maven2/com/google/code/gson/gson/2.9.0/gson-2.9.0.jar
[info] downloaded https://repo1.maven.org/maven2/com/google/code/gson/gson/2.9.0/gson-2.9.0.jar
[info] downloading https://repo1.maven.org/maven2/io/netty/netty-codec-http/4.1.87.Final/netty-codec-http-4.1.87.Final.jar
[info] downloaded https://repo1.maven.org/maven2/org/apache/orc/orc-mapreduce/1.8.7/orc-mapreduce-1.8.7-shaded-protobuf.jar
[info] downloading https://repo1.maven.org/maven2/org/apache/avro/avro-ipc/1.11.1/avro-ipc-1.11.1.jar
[info] downloaded https://repo1.maven.org/maven2/org/apache/avro/avro-ipc/1.11.1/avro-ipc-1.11.1.jar
[info] downloading https://repo1.maven.org/maven2/org/glassfish/jersey/inject/jersey-hk2/2.36/jersey-hk2-2.36.jar
[info] downloaded https://repo1.maven.org/maven2/org/glassfish/jersey/inject/jersey-hk2/2.36/jersey-hk2-2.36.jar
[info] downloading https://repo1.maven.org/maven2/org/scala-lang/modules/scala-parser-combinators_2.13/2.1.1/scala-parser-combinators_2.13-2.1.1.jar
[info] downloaded https://repo1.maven.org/maven2/org/scala-lang/modules/scala-parser-combinators_2.13/2.1.1/scala-parser-combinators_2.13-2.1.1.jar
[info] downloading https://repo1.maven.org/maven2/org/apache/orc/orc-core/1.8.7/orc-core-1.8.7-shaded-protobuf.jar
[info] downloaded https://repo1.maven.org/maven2/io/netty/netty-codec-http/4.1.87.Final/netty-codec-http-4.1.87.Final.jar
[info] downloaded https://repo1.maven.org/maven2/org/apache/spark/spark-network-common_2.13/3.4.4/spark-network-common_2.13-3.4.4.jar
[info] downloaded https://repo1.maven.org/maven2/org/apache/orc/orc-core/1.8.7/orc-core-1.8.7-shaded-protobuf.jar
[info] downloaded https://repo1.maven.org/maven2/org/apache/spark/spark-sql_2.13/3.4.4/spark-sql_2.13-3.4.4.jar
[info] downloaded https://repo1.maven.org/maven2/org/apache/spark/spark-core_2.13/3.4.4/spark-core_2.13-3.4.4.jar
