[debug] > Exec(early(addDefaultCommands), None, None)
[debug] > Exec(addDefaultCommands, None, None)
[debug] > Exec(early(initialize), None, None)
[debug] > Exec(initialize, None, None)
[debug] > Exec(boot, None, None)
[debug] > Exec(writeSbtVersion, None, None)
[debug] > Exec(reload, None, None)
[debug] > Exec(sbtStashOnFailure, None, None)
[debug] > Exec(onFailure loadFailed, None, None)
[debug] > Exec(loadp, None, None)
[info] welcome to sbt 1.7.3 (Eclipse Adoptium Java 11.0.25)
[debug] Load.defaultLoad until apply took 111.5439ms
[debug]           Load.loadUnit: plugins took 113.174ms
[debug]           Load.loadUnit: defsScala took 0.8691ms
[debug] [Loading] Scanning directory D:\sparkProjects\AirportLakehouse\lakehouse\project
[debug] [Loading] Found non-root projects 
[debug] [Loading] Done in D:\sparkProjects\AirportLakehouse\lakehouse\project, returning: ()
[debug] deducing auto plugins based on known facts Set(Atom(sbt.plugins.CorePlugin)) and clauses Clauses(Clause(Atom(sbt.plugins.JvmPlugin),Set(Atom(sbt.plugins.IvyPlugin)))
[debug] Clause(Atom(sbt.ScriptedPlugin),Set(Atom(sbt.plugins.JvmPlugin)))
[debug] Clause(Atom(sbt.plugins.SbtPlugin),Set(Atom(sbt.ScriptedPlugin)))
[debug] Clause(Atom(sbt.plugins.SemanticdbPlugin),Set(Atom(sbt.plugins.JvmPlugin)))
[debug] Clause(Atom(sbt.plugins.JUnitXmlReportPlugin),Set(Atom(sbt.plugins.JvmPlugin)))
[debug] Clause(Atom(sbt.plugins.MiniDependencyTreePlugin),Set(Atom(sbt.plugins.JvmPlugin)))
[debug] Clause(Atom(sbt.plugins.CorePlugin),Set(Atom(sbt.plugins.IvyPlugin)))
[debug] Clause(Atom(sbt.plugins.IvyPlugin),Set(Atom(sbt.plugins.JvmPlugin)))
[debug] Clause(Atom(sbt.plugins.JvmPlugin),Set(Atom(sbt.plugins.SemanticdbPlugin)))
[debug] Clause(Atom(sbt.plugins.JvmPlugin),Set(Atom(sbt.plugins.JUnitXmlReportPlugin)))
[debug] Clause(Atom(sbt.plugins.CorePlugin),Set(Atom(sbt.plugins.Giter8TemplatePlugin)))
[debug] Clause(Atom(sbt.plugins.JvmPlugin),Set(Atom(sbt.plugins.MiniDependencyTreePlugin))))
[debug]   :: deduced result: Matched(sbt.plugins.CorePlugin,sbt.plugins.Giter8TemplatePlugin,sbt.plugins.IvyPlugin,sbt.plugins.JvmPlugin,sbt.plugins.MiniDependencyTreePlugin,sbt.plugins.JUnitXmlReportPlugin,sbt.plugins.SemanticdbPlugin)
[debug] Plugins.deducer#function took 25.4857 ms
[debug]               Load.resolveProject(lakehouse-build) took 74.5113ms
[debug]             Load.loadTransitive: finalizeProject(Project(id lakehouse-build, base: D:\sparkProjects\AirportLakehouse\lakehouse\project, plugins: List(<none>))) took 161.6076ms
[debug] [Loading] Done in D:\sparkProjects\AirportLakehouse\lakehouse\project, returning: (lakehouse-build)
[debug]           Load.loadUnit: loadedProjectsRaw took 188.3381ms
[debug]           Load.loadUnit: cleanEvalClasses took 0.3103ms
[debug]         Load.loadUnit(file:/D:/sparkProjects/AirportLakehouse/lakehouse/project/, ...) took 314.8139ms
[debug]       Load.apply: load took 623.6085ms
[debug]       Load.apply: resolveProjects took 10.4162ms
[debug]       Load.apply: finalTransforms took 91.4284ms
[debug]       Load.apply: config.delegates took 7.6268ms
[debug]       Load.apply: Def.make(settings)... took 556.5892ms
[debug]       Load.apply: structureIndex took 116.2502ms
[debug]       Load.apply: mkStreams took 2.0243ms
[info] loading project definition from D:\sparkProjects\AirportLakehouse\lakehouse\project
[debug] Running task... Cancel: Signal, check cycles: false, forcegc: true
[debug]     Load.loadUnit: plugins took 2435.9212ms
[debug]     Load.loadUnit: defsScala took 0.0063ms
[debug] [Loading] Scanning directory D:\sparkProjects\AirportLakehouse\lakehouse
[debug]       Load.loadUnit: mkEval took 7.2257ms
[debug] [Loading] Found root project root w/ remaining 
[debug] deducing auto plugins based on known facts Set(Atom(sbt.plugins.CorePlugin)) and clauses Clauses(Clause(Atom(sbt.plugins.JvmPlugin),Set(Atom(sbt.plugins.IvyPlugin)))
[debug] Clause(Atom(sbt.ScriptedPlugin),Set(Atom(sbt.plugins.JvmPlugin)))
[debug] Clause(Atom(sbt.plugins.SbtPlugin),Set(Atom(sbt.ScriptedPlugin)))
[debug] Clause(Atom(sbt.plugins.SemanticdbPlugin),Set(Atom(sbt.plugins.JvmPlugin)))
[debug] Clause(Atom(sbt.plugins.JUnitXmlReportPlugin),Set(Atom(sbt.plugins.JvmPlugin)))
[debug] Clause(Atom(sbt.plugins.MiniDependencyTreePlugin),Set(Atom(sbt.plugins.JvmPlugin)))
[debug] Clause(Atom(sbt.plugins.CorePlugin),Set(Atom(sbt.plugins.IvyPlugin)))
[debug] Clause(Atom(sbt.plugins.IvyPlugin),Set(Atom(sbt.plugins.JvmPlugin)))
[debug] Clause(Atom(sbt.plugins.JvmPlugin),Set(Atom(sbt.plugins.SemanticdbPlugin)))
[debug] Clause(Atom(sbt.plugins.JvmPlugin),Set(Atom(sbt.plugins.JUnitXmlReportPlugin)))
[debug] Clause(Atom(sbt.plugins.CorePlugin),Set(Atom(sbt.plugins.Giter8TemplatePlugin)))
[debug] Clause(Atom(sbt.plugins.JvmPlugin),Set(Atom(sbt.plugins.MiniDependencyTreePlugin))))
[debug]   :: deduced result: Matched(sbt.plugins.CorePlugin,sbt.plugins.Giter8TemplatePlugin,sbt.plugins.IvyPlugin,sbt.plugins.JvmPlugin,sbt.plugins.MiniDependencyTreePlugin,sbt.plugins.JUnitXmlReportPlugin,sbt.plugins.SemanticdbPlugin)
[debug] Plugins.deducer#function took 2.2521 ms
[info] loading settings for project root from build.sbt ...
[debug]         Load.resolveProject(root) took 3.1847ms
[debug]       Load.loadTransitive: finalizeProject(Project(id root, base: D:\sparkProjects\AirportLakehouse\lakehouse, plugins: List(<none>))) took 6.6708ms
[debug] [Loading] Done in D:\sparkProjects\AirportLakehouse\lakehouse, returning: (root)
[debug]     Load.loadUnit: loadedProjectsRaw took 2700.3835ms
[debug]     Load.loadUnit: cleanEvalClasses took 12.1935ms
[debug]   Load.loadUnit(file:/D:/sparkProjects/AirportLakehouse/lakehouse/, ...) took 5151.4147ms
[debug] Load.apply: load took 5179.4029ms
[debug] Load.apply: resolveProjects took 0.1007ms
[debug] Load.apply: finalTransforms took 30.6344ms
[debug] Load.apply: config.delegates took 0.6308ms
[debug] Load.apply: Def.make(settings)... took 126.1599ms
[debug] Load.apply: structureIndex took 39.5963ms
[debug] Load.apply: mkStreams took 0.0026ms
[info] set current project to lakehouse (in build file:/D:/sparkProjects/AirportLakehouse/lakehouse/)
[debug] > Exec(sbtPopOnFailure, None, None)
[debug] > Exec(resumeFromFailure, None, None)
[debug] > Exec(notifyUsersAboutShell, None, None)
[debug] > Exec(iflast shell, None, None)
[debug] > Exec(shell, None, None)
[info] sbt server started at local:sbt-server-e8ce7176863b5a8e7695
[debug] Writing bsp connection file
[info] started sbt server
